<?xml version="1.0" encoding="UTF-8"?>
<testng-results ignored="0" total="1" passed="1" failed="0" skipped="0">
  <reporter-output>
  </reporter-output>
  <suite started-at="2023-11-16T22:54:30 IST" name="Default suite" finished-at="2023-11-16T22:54:42 IST" duration-ms="12074">
    <groups>
    </groups>
    <test started-at="2023-11-16T22:54:30 IST" name="Default test" finished-at="2023-11-16T22:54:42 IST" duration-ms="12074">
      <class name="testBase.TestSetup">
        <test-method is-config="true" signature="beforeTest()[pri:0, instance:testBase.TestSetup@316bcf94]" started-at="2023-11-16T22:54:30 IST" name="beforeTest" finished-at="2023-11-16T22:54:41 IST" duration-ms="11246" status="PASS">
          <reporter-output>
          </reporter-output>
        </test-method> <!-- beforeTest -->
        <test-method signature="f()[pri:0, instance:testBase.TestSetup@316bcf94]" started-at="2023-11-16T22:54:41 IST" name="f" finished-at="2023-11-16T22:54:41 IST" duration-ms="8" status="PASS">
          <reporter-output>
          </reporter-output>
        </test-method> <!-- f -->
        <test-method is-config="true" signature="afterTest()[pri:0, instance:testBase.TestSetup@316bcf94]" started-at="2023-11-16T22:54:41 IST" name="afterTest" finished-at="2023-11-16T22:54:42 IST" duration-ms="749" status="PASS">
          <reporter-output>
          </reporter-output>
        </test-method> <!-- afterTest -->
      </class> <!-- testBase.TestSetup -->
    </test> <!-- Default test -->
  </suite> <!-- Default suite -->
</testng-results>
